Arguments: 
  C:\Program Files\nodejs\node.exe C:\Users\Zxy\AppData\Roaming\npm\node_modules\yarn\bin\yarn.js add react

PATH: 
  C:\ProgramData\Oracle\Java\javapath;C:\WINDOWS\system32;C:\WINDOWS;C:\WINDOWS\System32\Wbem;C:\WINDOWS\System32\WindowsPowerShell\v1.0\;E:\TortoiseSVN\bin;C:\Program Files (x86)\Windows Kits\8.1\Windows Performance Toolkit\;C:\Python27;C:\Program Files\nodejs\;C:\Program Files\Java\jdk1.8.0_161\bin;C:\Program Files\Java\jdk1.8.0_161\jre\bin;C:\Users\Zxy\AppData\Local\Android\Sdk\tools;C:\Users\Zxy\AppData\Local\Android\Sdk\platform-tools;C:\Program Files\Git\bin;C:\Program Files\Git\mingw64\libexec\git-core;C:\Program Files\MacType;C:\Ruby23-x64\bin;C:\Users\Zxy\AppData\Local\atom\bin;C:\Users\Zxy\AppData\Local\Microsoft\WindowsApps;C:\Program Files (x86)\Microsoft VS Code\bin;C:\Users\Zxy\AppData\Local\Programs\Fiddler;C:\Users\Zxy\AppData\Roaming\npm;C:\Users\Zxy\AppData\Local\Microsoft\WindowsApps;

Yarn version: 
  0.24.5

Node version: 
  8.6.0

Platform: 
  win32 x64

npm manifest: 
  {
    "name": "notes",
    "author": "zhang",
    "private": true,
    "dependencies": {
      "axios": "^0.15.3",
      "bluebird": "^3.4.7",
      "body-parser": "^1.17.1",
      "bootstrap": "^3.3.7",
      "co": "^4.6.0",
      "compression": "^1.6.2",
      "es6-promise": "^4.0.5",
      "express": "^4.14.1",
      "filed": "^0.1.0",
      "firebase": "^3.6.1",
      "form-data": "^2.1.2",
      "fstream": "^1.0.10",
      "html-webpack-plugin": "^2.28.0",
      "htmlparser": "^1.7.7",
      "lodash": "^4.17.4",
      "lru-cache": "^4.0.1",
      "mime": "^1.3.4",
      "multiparty": "^4.1.3",
      "ramda": "^0.23.0",
      "react": "^15.4.1",
      "react-dom": "^15.4.1",
      "react-redux": "^4.4.6",
      "redux": "^3.6.0",
      "request": "^2.79.0",
      "rxjs": "^5.4.0",
      "serialize-javascript": "^1.3.0",
      "serve-favicon": "^2.3.0",
      "socket.io": "^1.7.3",
      "sqlite3": "^3.1.8",
      "transfer-webpack-plugin": "^0.1.4",
      "underscore": "^1.8.3",
      "vue": "^2.0.0",
      "vue-router": "^2.0.0",
      "vue-server-renderer": "^2.0.0",
      "vuex": "^2.0.0",
      "vuex-router-sync": "^3.0.0"
    },
    "devDependencies": {
      "autoprefixer": "^6.4.0",
      "babel-core": "^6.26.0",
      "babel-loader": "^7.1.2",
      "babel-preset-es2015": "^6.24.1",
      "buble": "^0.14.2",
      "buble-loader": "^0.3.2",
      "compression-webpack-plugin": "^0.4.0",
      "copy-webpack-plugin": "^4.0.1",
      "cross-env": "^3.1.3",
      "css-loader": "^0.25.0",
      "ejs": "^2.5.6",
      "extract-text-webpack-plugin": "^2.0.0-beta.3",
      "file-loader": "^0.9.0",
      "rimraf": "^2.5.4",
      "stylus": "^0.54.5",
      "stylus-loader": "^2.1.2",
      "sw-precache-webpack-plugin": "^0.6.0",
      "url-loader": "^0.5.7",
      "vue-loader": "^10.0.0",
      "vue-template-compiler": "^2.0.0",
      "webpack": "^2.7.0",
      "webpack-dev-middleware": "^1.6.1",
      "webpack-hot-middleware": "^2.12.2"
    },
    "version": "1.0.0",
    "main": "index.js",
    "directories": {
      "test": "test"
    },
    "scripts": {
      "test": "echo \"Error: no test specified\" && exit 1"
    },
    "license": "ISC",
    "description": ""
  }

yarn manifest: 
  No manifest

Lockfile: 
  No lockfile

Trace: 
  Error: http://registry.npm.taobao.org/acorn-object-spread/download/acorn-object-spread-1.0.0.tgz: Parse Error
      at Socket.socketOnData (_http_client.js:454:20)
      at emitOne (events.js:115:13)
      at Socket.emit (events.js:210:7)
      at addChunk (_stream_readable.js:266:12)
      at readableAddChunk (_stream_readable.js:253:11)
      at Socket.Readable.push (_stream_readable.js:211:10)
      at TCP.onread (net.js:587:20)
